Performing C SOURCE FILE Test CMAKE_HAVE_LIBC_PTHREAD failed with the following output:
Change Dir: /grpc/examples/cpp/helloworld/cmake/build/CMakeFiles/CMakeTmp

Run Build Command(s):/usr/bin/make cmTC_0a4ea/fast && /usr/bin/make  -f CMakeFiles/cmTC_0a4ea.dir/build.make CMakeFiles/cmTC_0a4ea.dir/build
make[1]: Entering directory '/grpc/examples/cpp/helloworld/cmake/build/CMakeFiles/CMakeTmp'
Building C object CMakeFiles/cmTC_0a4ea.dir/src.c.o
/usr/bin/cc -DCMAKE_HAVE_LIBC_PTHREAD   -o CMakeFiles/cmTC_0a4ea.dir/src.c.o -c /grpc/examples/cpp/helloworld/cmake/build/CMakeFiles/CMakeTmp/src.c
Linking C executable cmTC_0a4ea
/root/.local/bin/cmake -E cmake_link_script CMakeFiles/cmTC_0a4ea.dir/link.txt --verbose=1
/usr/bin/cc CMakeFiles/cmTC_0a4ea.dir/src.c.o -o cmTC_0a4ea 
CMakeFiles/cmTC_0a4ea.dir/src.c.o: In function `main':
src.c:(.text+0x2f): undefined reference to `pthread_create'
src.c:(.text+0x3b): undefined reference to `pthread_detach'
src.c:(.text+0x47): undefined reference to `pthread_cancel'
src.c:(.text+0x58): undefined reference to `pthread_join'
src.c:(.text+0x6c): undefined reference to `pthread_atfork'
collect2: error: ld returned 1 exit status
CMakeFiles/cmTC_0a4ea.dir/build.make:105: recipe for target 'cmTC_0a4ea' failed
make[1]: *** [cmTC_0a4ea] Error 1
make[1]: Leaving directory '/grpc/examples/cpp/helloworld/cmake/build/CMakeFiles/CMakeTmp'
Makefile:140: recipe for target 'cmTC_0a4ea/fast' failed
make: *** [cmTC_0a4ea/fast] Error 2


Source file was:
#include <pthread.h>

static void* test_func(void* data)
{
  return data;
}

int main(void)
{
  pthread_t thread;
  pthread_create(&thread, NULL, test_func, NULL);
  pthread_detach(thread);
  pthread_cancel(thread);
  pthread_join(thread, NULL);
  pthread_atfork(NULL, NULL, NULL);
  pthread_exit(NULL);

  return 0;
}

Determining if the function pthread_create exists in the pthreads failed with the following output:
Change Dir: /grpc/examples/cpp/helloworld/cmake/build/CMakeFiles/CMakeTmp

Run Build Command(s):/usr/bin/make cmTC_ba3a6/fast && /usr/bin/make  -f CMakeFiles/cmTC_ba3a6.dir/build.make CMakeFiles/cmTC_ba3a6.dir/build
make[1]: Entering directory '/grpc/examples/cpp/helloworld/cmake/build/CMakeFiles/CMakeTmp'
Building C object CMakeFiles/cmTC_ba3a6.dir/CheckFunctionExists.c.o
/usr/bin/cc   -DCHECK_FUNCTION_EXISTS=pthread_create -o CMakeFiles/cmTC_ba3a6.dir/CheckFunctionExists.c.o -c /root/.local/share/cmake-3.19/Modules/CheckFunctionExists.c
Linking C executable cmTC_ba3a6
/root/.local/bin/cmake -E cmake_link_script CMakeFiles/cmTC_ba3a6.dir/link.txt --verbose=1
/usr/bin/cc  -DCHECK_FUNCTION_EXISTS=pthread_create CMakeFiles/cmTC_ba3a6.dir/CheckFunctionExists.c.o -o cmTC_ba3a6  -lpthreads 
/usr/bin/ld: cannot find -lpthreads
collect2: error: ld returned 1 exit status
CMakeFiles/cmTC_ba3a6.dir/build.make:105: recipe for target 'cmTC_ba3a6' failed
make[1]: *** [cmTC_ba3a6] Error 1
make[1]: Leaving directory '/grpc/examples/cpp/helloworld/cmake/build/CMakeFiles/CMakeTmp'
Makefile:140: recipe for target 'cmTC_ba3a6/fast' failed
make: *** [cmTC_ba3a6/fast] Error 2



